<?xml version="1.0" encoding="UTF-8" standalone="yes"?><!DOCTYPE report PUBLIC "-//JACOCO//DTD Report 1.0//EN" "report.dtd"><report name="Property usage via Config resolver class"><sessioninfo id="osgiliath.net-f5679ac9" start="1417558203610" dump="1417558238521"/><sessioninfo id="osgiliath.net-86f2f237" start="1417558244840" dump="1417558278960"/><sessioninfo id="osgiliath.net-5871004c" start="1417558284537" dump="1417558319578"/><sessioninfo id="osgiliath.net-bcda8c71" start="1417558325968" dump="1417558369322"/><sessioninfo id="osgiliath.net-1eba595e" start="1417558375115" dump="1417558410483"/><sessioninfo id="osgiliath.net-6bf645a7" start="1417558415981" dump="1417558457062"/><sessioninfo id="osgiliath.net-234ecccc" start="1417558462790" dump="1417558511203"/><sessioninfo id="osgiliath.net-4e5d2731" start="1417558516812" dump="1417558551758"/><sessioninfo id="osgiliath.net-f2633419" start="1417558557373" dump="1417558593230"/><sessioninfo id="osgiliath.net-11e54455" start="1417558598605" dump="1417558634902"/><sessioninfo id="osgiliath.net-caa9fdd9" start="1417558640453" dump="1417558676936"/><sessioninfo id="osgiliath.net-4b21b74" start="1417558682202" dump="1417558716894"/><package name="net/osgiliath/cdi/properties/impl"><class name="net/osgiliath/cdi/properties/impl/PropertyProvider"><method name="&lt;init&gt;" desc="()V" line="32"><counter type="INSTRUCTION" missed="0" covered="3"/><counter type="LINE" missed="0" covered="1"/><counter type="COMPLEXITY" missed="0" covered="1"/><counter type="METHOD" missed="0" covered="1"/></method><method name="getInjectedProperty" desc="()Ljava/lang/String;" line="42"><counter type="INSTRUCTION" missed="0" covered="3"/><counter type="LINE" missed="0" covered="1"/><counter type="COMPLEXITY" missed="0" covered="1"/><counter type="METHOD" missed="0" covered="1"/></method><counter type="INSTRUCTION" missed="0" covered="6"/><counter type="LINE" missed="0" covered="2"/><counter type="COMPLEXITY" missed="0" covered="2"/><counter type="METHOD" missed="0" covered="2"/><counter type="CLASS" missed="0" covered="1"/></class><sourcefile name="PropertyProvider.java"><line nr="32" mi="0" ci="3" mb="0" cb="0"/><line nr="42" mi="0" ci="3" mb="0" cb="0"/><counter type="INSTRUCTION" missed="0" covered="6"/><counter type="LINE" missed="0" covered="2"/><counter type="COMPLEXITY" missed="0" covered="2"/><counter type="METHOD" missed="0" covered="2"/><counter type="CLASS" missed="0" covered="1"/></sourcefile><counter type="INSTRUCTION" missed="0" covered="6"/><counter type="LINE" missed="0" covered="2"/><counter type="COMPLEXITY" missed="0" covered="2"/><counter type="METHOD" missed="0" covered="2"/><counter type="CLASS" missed="0" covered="1"/></package><counter type="INSTRUCTION" missed="0" covered="6"/><counter type="LINE" missed="0" covered="2"/><counter type="COMPLEXITY" missed="0" covered="2"/><counter type="METHOD" missed="0" covered="2"/><counter type="CLASS" missed="0" covered="1"/></report>